ERROR:root:delete_and_insert_notifications
ERROR:root:iterate notifications : 5f2af0b35aad84a3f290f60b
ERROR:root: self.users_repo.add_notification : 5f2af0b35aad84a3f290f60b
ERROR:apscheduler.executors.default:Job "Scedhuler.synchronize_transactions_and_user_notifications (trigger: cron[second='*/5'], next run at: 2020-08-05 17:53:25 UTC)" raised an exception
Traceback (most recent call last):
  File "/home/nikos/PycharmProjects/CryptoCalculatorService/venv/lib/python3.7/site-packages/apscheduler/executors/base.py", line 125, in run_job
    retval = job.func(*job.args, **job.kwargs)
  File "/home/nikos/PycharmProjects/CryptoCalculatorService/CryptoCalculatorService/scedhuler/Scedhuler.py", line 101, in synchronize_transactions_and_user_notifications
    self.delete_and_insert_notifications(notifications)
  File "/home/nikos/PycharmProjects/CryptoCalculatorService/CryptoCalculatorService/scedhuler/Scedhuler.py", line 125, in delete_and_insert_notifications
    self.users_repo.commit()
  File "/home/nikos/PycharmProjects/CryptoCalculatorService/venv/lib/python3.7/site-packages/cryptodataaccess/Repository.py", line 11, in commit
    for item in mem.items:
AttributeError: 'NoneType' object has no attribute 'items'
INFO:apscheduler.scheduler:Scheduler has been shut down
ERROR:root:delete_and_insert_notifications
ERROR:root:exiting delete_and_insert_notifications
ERROR:root:sleeping 
WARNING:apscheduler.scheduler:Execution of job "Scedhuler.synchronize_transactions_and_user_notifications (trigger: cron[second='*/5'], next run at: 2020-08-05 17:53:50 UTC)" skipped: maximum number of running instances reached (1)
WARNING:apscheduler.scheduler:Execution of job "Scedhuler.synchronize_transactions_and_user_notifications (trigger: cron[second='*/5'], next run at: 2020-08-05 17:53:55 UTC)" skipped: maximum number of running instances reached (1)
WARNING:apscheduler.scheduler:Execution of job "Scedhuler.synchronize_transactions_and_user_notifications (trigger: cron[second='*/5'], next run at: 2020-08-05 17:54:00 UTC)" skipped: maximum number of running instances reached (1)
WARNING:apscheduler.scheduler:Execution of job "Scedhuler.synchronize_transactions_and_user_notifications (trigger: cron[second='*/5'], next run at: 2020-08-05 17:54:05 UTC)" skipped: maximum number of running instances reached (1)
ERROR:root:delete_and_insert_notifications
ERROR:root:exiting delete_and_insert_notifications
ERROR:root:sleeping 
WARNING:apscheduler.scheduler:Execution of job "Scedhuler.synchronize_transactions_and_user_notifications (trigger: cron[second='*/5'], next run at: 2020-08-07 07:46:35 UTC)" skipped: maximum number of running instances reached (1)
WARNING:apscheduler.scheduler:Execution of job "Scedhuler.synchronize_transactions_and_user_notifications (trigger: cron[second='*/5'], next run at: 2020-08-07 07:46:40 UTC)" skipped: maximum number of running instances reached (1)
WARNING:apscheduler.scheduler:Execution of job "Scedhuler.synchronize_transactions_and_user_notifications (trigger: cron[second='*/5'], next run at: 2020-08-07 07:46:45 UTC)" skipped: maximum number of running instances reached (1)
WARNING:apscheduler.scheduler:Execution of job "Scedhuler.synchronize_transactions_and_user_notifications (trigger: cron[second='*/5'], next run at: 2020-08-07 07:46:50 UTC)" skipped: maximum number of running instances reached (1)
WARNING:apscheduler.scheduler:Execution of job "Scedhuler.synchronize_transactions_and_user_notifications (trigger: cron[second='*/5'], next run at: 2020-08-07 07:46:55 UTC)" skipped: maximum number of running instances reached (1)
WARNING:apscheduler.scheduler:Execution of job "Scedhuler.synchronize_transactions_and_user_notifications (trigger: cron[second='*/5'], next run at: 2020-08-07 07:47:00 UTC)" skipped: maximum number of running instances reached (1)
WARNING:apscheduler.scheduler:Execution of job "Scedhuler.synchronize_transactions_and_user_notifications (trigger: cron[second='*/5'], next run at: 2020-08-07 07:47:05 UTC)" skipped: maximum number of running instances reached (1)
WARNING:apscheduler.scheduler:Execution of job "Scedhuler.synchronize_transactions_and_user_notifications (trigger: cron[second='*/5'], next run at: 2020-08-07 07:47:10 UTC)" skipped: maximum number of running instances reached (1)
WARNING:apscheduler.scheduler:Execution of job "Scedhuler.synchronize_transactions_and_user_notifications (trigger: cron[second='*/5'], next run at: 2020-08-07 07:47:15 UTC)" skipped: maximum number of running instances reached (1)
WARNING:apscheduler.scheduler:Execution of job "Scedhuler.synchronize_transactions_and_user_notifications (trigger: cron[second='*/5'], next run at: 2020-08-07 07:47:20 UTC)" skipped: maximum number of running instances reached (1)
WARNING:apscheduler.scheduler:Execution of job "Scedhuler.synchronize_transactions_and_user_notifications (trigger: cron[second='*/5'], next run at: 2020-08-07 07:47:25 UTC)" skipped: maximum number of running instances reached (1)
WARNING:apscheduler.scheduler:Execution of job "Scedhuler.synchronize_transactions_and_user_notifications (trigger: cron[second='*/5'], next run at: 2020-08-07 07:47:30 UTC)" skipped: maximum number of running instances reached (1)
WARNING:apscheduler.scheduler:Execution of job "Scedhuler.synchronize_transactions_and_user_notifications (trigger: cron[second='*/5'], next run at: 2020-08-07 07:47:35 UTC)" skipped: maximum number of running instances reached (1)
WARNING:apscheduler.scheduler:Execution of job "Scedhuler.synchronize_transactions_and_user_notifications (trigger: cron[second='*/5'], next run at: 2020-08-07 07:47:40 UTC)" skipped: maximum number of running instances reached (1)
WARNING:apscheduler.scheduler:Execution of job "Scedhuler.synchronize_transactions_and_user_notifications (trigger: cron[second='*/5'], next run at: 2020-08-07 07:47:45 UTC)" skipped: maximum number of running instances reached (1)
WARNING:apscheduler.scheduler:Execution of job "Scedhuler.synchronize_transactions_and_user_notifications (trigger: cron[second='*/5'], next run at: 2020-08-07 07:47:50 UTC)" skipped: maximum number of running instances reached (1)
WARNING:apscheduler.scheduler:Execution of job "Scedhuler.synchronize_transactions_and_user_notifications (trigger: cron[second='*/5'], next run at: 2020-08-07 07:47:55 UTC)" skipped: maximum number of running instances reached (1)
WARNING:apscheduler.scheduler:Execution of job "Scedhuler.synchronize_transactions_and_user_notifications (trigger: cron[second='*/5'], next run at: 2020-08-07 07:48:00 UTC)" skipped: maximum number of running instances reached (1)
WARNING:apscheduler.scheduler:Execution of job "Scedhuler.synchronize_transactions_and_user_notifications (trigger: cron[second='*/5'], next run at: 2020-08-07 07:48:05 UTC)" skipped: maximum number of running instances reached (1)
WARNING:apscheduler.scheduler:Execution of job "Scedhuler.synchronize_transactions_and_user_notifications (trigger: cron[second='*/5'], next run at: 2020-08-07 07:48:10 UTC)" skipped: maximum number of running instances reached (1)
WARNING:apscheduler.scheduler:Execution of job "Scedhuler.synchronize_transactions_and_user_notifications (trigger: cron[second='*/5'], next run at: 2020-08-07 07:48:15 UTC)" skipped: maximum number of running instances reached (1)
WARNING:apscheduler.scheduler:Execution of job "Scedhuler.synchronize_transactions_and_user_notifications (trigger: cron[second='*/5'], next run at: 2020-08-07 07:48:20 UTC)" skipped: maximum number of running instances reached (1)
WARNING:apscheduler.scheduler:Execution of job "Scedhuler.synchronize_transactions_and_user_notifications (trigger: cron[second='*/5'], next run at: 2020-08-07 07:48:25 UTC)" skipped: maximum number of running instances reached (1)
WARNING:apscheduler.scheduler:Execution of job "Scedhuler.synchronize_transactions_and_user_notifications (trigger: cron[second='*/5'], next run at: 2020-08-07 07:48:30 UTC)" skipped: maximum number of running instances reached (1)
WARNING:apscheduler.scheduler:Execution of job "Scedhuler.synchronize_transactions_and_user_notifications (trigger: cron[second='*/5'], next run at: 2020-08-07 07:48:35 UTC)" skipped: maximum number of running instances reached (1)
WARNING:apscheduler.scheduler:Execution of job "Scedhuler.synchronize_transactions_and_user_notifications (trigger: cron[second='*/5'], next run at: 2020-08-07 07:48:40 UTC)" skipped: maximum number of running instances reached (1)
WARNING:apscheduler.scheduler:Execution of job "Scedhuler.synchronize_transactions_and_user_notifications (trigger: cron[second='*/5'], next run at: 2020-08-07 07:48:45 UTC)" skipped: maximum number of running instances reached (1)
WARNING:apscheduler.scheduler:Execution of job "Scedhuler.synchronize_transactions_and_user_notifications (trigger: cron[second='*/5'], next run at: 2020-08-07 07:48:50 UTC)" skipped: maximum number of running instances reached (1)
WARNING:apscheduler.scheduler:Execution of job "Scedhuler.synchronize_transactions_and_user_notifications (trigger: cron[second='*/5'], next run at: 2020-08-07 07:48:55 UTC)" skipped: maximum number of running instances reached (1)
WARNING:apscheduler.scheduler:Execution of job "Scedhuler.synchronize_transactions_and_user_notifications (trigger: cron[second='*/5'], next run at: 2020-08-07 07:49:00 UTC)" skipped: maximum number of running instances reached (1)
WARNING:apscheduler.scheduler:Execution of job "Scedhuler.synchronize_transactions_and_user_notifications (trigger: cron[second='*/5'], next run at: 2020-08-07 07:49:05 UTC)" skipped: maximum number of running instances reached (1)
WARNING:apscheduler.scheduler:Execution of job "Scedhuler.synchronize_transactions_and_user_notifications (trigger: cron[second='*/5'], next run at: 2020-08-07 07:49:10 UTC)" skipped: maximum number of running instances reached (1)
WARNING:apscheduler.scheduler:Execution of job "Scedhuler.synchronize_transactions_and_user_notifications (trigger: cron[second='*/5'], next run at: 2020-08-07 07:49:15 UTC)" skipped: maximum number of running instances reached (1)
WARNING:apscheduler.scheduler:Execution of job "Scedhuler.synchronize_transactions_and_user_notifications (trigger: cron[second='*/5'], next run at: 2020-08-07 07:49:20 UTC)" skipped: maximum number of running instances reached (1)
WARNING:apscheduler.scheduler:Execution of job "Scedhuler.synchronize_transactions_and_user_notifications (trigger: cron[second='*/5'], next run at: 2020-08-07 07:49:25 UTC)" skipped: maximum number of running instances reached (1)
WARNING:apscheduler.scheduler:Execution of job "Scedhuler.synchronize_transactions_and_user_notifications (trigger: cron[second='*/5'], next run at: 2020-08-07 07:49:30 UTC)" skipped: maximum number of running instances reached (1)
WARNING:apscheduler.scheduler:Execution of job "Scedhuler.synchronize_transactions_and_user_notifications (trigger: cron[second='*/5'], next run at: 2020-08-07 07:49:35 UTC)" skipped: maximum number of running instances reached (1)
WARNING:apscheduler.scheduler:Execution of job "Scedhuler.synchronize_transactions_and_user_notifications (trigger: cron[second='*/5'], next run at: 2020-08-07 07:49:40 UTC)" skipped: maximum number of running instances reached (1)
WARNING:apscheduler.scheduler:Execution of job "Scedhuler.synchronize_transactions_and_user_notifications (trigger: cron[second='*/5'], next run at: 2020-08-07 07:49:45 UTC)" skipped: maximum number of running instances reached (1)
WARNING:apscheduler.scheduler:Execution of job "Scedhuler.synchronize_transactions_and_user_notifications (trigger: cron[second='*/5'], next run at: 2020-08-07 07:49:50 UTC)" skipped: maximum number of running instances reached (1)
WARNING:apscheduler.scheduler:Execution of job "Scedhuler.synchronize_transactions_and_user_notifications (trigger: cron[second='*/5'], next run at: 2020-08-07 07:49:55 UTC)" skipped: maximum number of running instances reached (1)
WARNING:apscheduler.scheduler:Execution of job "Scedhuler.synchronize_transactions_and_user_notifications (trigger: cron[second='*/5'], next run at: 2020-08-07 07:50:00 UTC)" skipped: maximum number of running instances reached (1)
WARNING:apscheduler.scheduler:Execution of job "Scedhuler.synchronize_transactions_and_user_notifications (trigger: cron[second='*/5'], next run at: 2020-08-07 07:50:05 UTC)" skipped: maximum number of running instances reached (1)
WARNING:apscheduler.scheduler:Execution of job "Scedhuler.synchronize_transactions_and_user_notifications (trigger: cron[second='*/5'], next run at: 2020-08-07 07:50:10 UTC)" skipped: maximum number of running instances reached (1)
WARNING:apscheduler.scheduler:Execution of job "Scedhuler.synchronize_transactions_and_user_notifications (trigger: cron[second='*/5'], next run at: 2020-08-07 07:50:15 UTC)" skipped: maximum number of running instances reached (1)
WARNING:apscheduler.scheduler:Execution of job "Scedhuler.synchronize_transactions_and_user_notifications (trigger: cron[second='*/5'], next run at: 2020-08-07 07:50:20 UTC)" skipped: maximum number of running instances reached (1)
WARNING:apscheduler.scheduler:Execution of job "Scedhuler.synchronize_transactions_and_user_notifications (trigger: cron[second='*/5'], next run at: 2020-08-07 07:50:25 UTC)" skipped: maximum number of running instances reached (1)
WARNING:apscheduler.scheduler:Execution of job "Scedhuler.synchronize_transactions_and_user_notifications (trigger: cron[second='*/5'], next run at: 2020-08-07 07:50:30 UTC)" skipped: maximum number of running instances reached (1)
WARNING:apscheduler.scheduler:Execution of job "Scedhuler.synchronize_transactions_and_user_notifications (trigger: cron[second='*/5'], next run at: 2020-08-07 07:50:35 UTC)" skipped: maximum number of running instances reached (1)
WARNING:apscheduler.scheduler:Execution of job "Scedhuler.synchronize_transactions_and_user_notifications (trigger: cron[second='*/5'], next run at: 2020-08-07 07:50:40 UTC)" skipped: maximum number of running instances reached (1)
WARNING:apscheduler.scheduler:Execution of job "Scedhuler.synchronize_transactions_and_user_notifications (trigger: cron[second='*/5'], next run at: 2020-08-07 07:50:45 UTC)" skipped: maximum number of running instances reached (1)
WARNING:apscheduler.scheduler:Execution of job "Scedhuler.synchronize_transactions_and_user_notifications (trigger: cron[second='*/5'], next run at: 2020-08-07 07:50:50 UTC)" skipped: maximum number of running instances reached (1)
WARNING:apscheduler.scheduler:Execution of job "Scedhuler.synchronize_transactions_and_user_notifications (trigger: cron[second='*/5'], next run at: 2020-08-07 07:50:55 UTC)" skipped: maximum number of running instances reached (1)
WARNING:apscheduler.scheduler:Execution of job "Scedhuler.synchronize_transactions_and_user_notifications (trigger: cron[second='*/5'], next run at: 2020-08-07 07:51:00 UTC)" skipped: maximum number of running instances reached (1)
WARNING:apscheduler.scheduler:Execution of job "Scedhuler.synchronize_transactions_and_user_notifications (trigger: cron[second='*/5'], next run at: 2020-08-07 07:51:05 UTC)" skipped: maximum number of running instances reached (1)
WARNING:apscheduler.scheduler:Execution of job "Scedhuler.synchronize_transactions_and_user_notifications (trigger: cron[second='*/5'], next run at: 2020-08-07 07:51:10 UTC)" skipped: maximum number of running instances reached (1)
WARNING:apscheduler.scheduler:Execution of job "Scedhuler.synchronize_transactions_and_user_notifications (trigger: cron[second='*/5'], next run at: 2020-08-07 07:51:15 UTC)" skipped: maximum number of running instances reached (1)
WARNING:apscheduler.scheduler:Execution of job "Scedhuler.synchronize_transactions_and_user_notifications (trigger: cron[second='*/5'], next run at: 2020-08-07 07:51:20 UTC)" skipped: maximum number of running instances reached (1)
WARNING:apscheduler.scheduler:Execution of job "Scedhuler.synchronize_transactions_and_user_notifications (trigger: cron[second='*/5'], next run at: 2020-08-07 07:51:25 UTC)" skipped: maximum number of running instances reached (1)
WARNING:apscheduler.scheduler:Execution of job "Scedhuler.synchronize_transactions_and_user_notifications (trigger: cron[second='*/5'], next run at: 2020-08-07 07:51:30 UTC)" skipped: maximum number of running instances reached (1)
WARNING:apscheduler.scheduler:Execution of job "Scedhuler.synchronize_transactions_and_user_notifications (trigger: cron[second='*/5'], next run at: 2020-08-07 07:51:35 UTC)" skipped: maximum number of running instances reached (1)
WARNING:apscheduler.scheduler:Execution of job "Scedhuler.synchronize_transactions_and_user_notifications (trigger: cron[second='*/5'], next run at: 2020-08-07 07:51:40 UTC)" skipped: maximum number of running instances reached (1)
WARNING:apscheduler.scheduler:Execution of job "Scedhuler.synchronize_transactions_and_user_notifications (trigger: cron[second='*/5'], next run at: 2020-08-07 07:51:45 UTC)" skipped: maximum number of running instances reached (1)
WARNING:apscheduler.scheduler:Execution of job "Scedhuler.synchronize_transactions_and_user_notifications (trigger: cron[second='*/5'], next run at: 2020-08-07 07:51:50 UTC)" skipped: maximum number of running instances reached (1)
WARNING:apscheduler.scheduler:Execution of job "Scedhuler.synchronize_transactions_and_user_notifications (trigger: cron[second='*/5'], next run at: 2020-08-07 07:51:55 UTC)" skipped: maximum number of running instances reached (1)
WARNING:apscheduler.scheduler:Execution of job "Scedhuler.synchronize_transactions_and_user_notifications (trigger: cron[second='*/5'], next run at: 2020-08-07 07:52:00 UTC)" skipped: maximum number of running instances reached (1)
WARNING:apscheduler.scheduler:Execution of job "Scedhuler.synchronize_transactions_and_user_notifications (trigger: cron[second='*/5'], next run at: 2020-08-07 07:52:05 UTC)" skipped: maximum number of running instances reached (1)
WARNING:apscheduler.scheduler:Execution of job "Scedhuler.synchronize_transactions_and_user_notifications (trigger: cron[second='*/5'], next run at: 2020-08-07 07:52:10 UTC)" skipped: maximum number of running instances reached (1)
ERROR:root:delete_and_insert_notifications
ERROR:root:exiting delete_and_insert_notifications
ERROR:root:sleeping 
WARNING:apscheduler.scheduler:Execution of job "Scedhuler.synchronize_transactions_and_user_notifications (trigger: cron[second='*/5'], next run at: 2020-08-07 07:52:45 UTC)" skipped: maximum number of running instances reached (1)
WARNING:apscheduler.scheduler:Execution of job "Scedhuler.synchronize_transactions_and_user_notifications (trigger: cron[second='*/5'], next run at: 2020-08-07 07:52:50 UTC)" skipped: maximum number of running instances reached (1)
WARNING:apscheduler.scheduler:Execution of job "Scedhuler.synchronize_transactions_and_user_notifications (trigger: cron[second='*/5'], next run at: 2020-08-07 07:52:55 UTC)" skipped: maximum number of running instances reached (1)
WARNING:apscheduler.scheduler:Execution of job "Scedhuler.synchronize_transactions_and_user_notifications (trigger: cron[second='*/5'], next run at: 2020-08-07 07:53:00 UTC)" skipped: maximum number of running instances reached (1)
WARNING:apscheduler.scheduler:Execution of job "Scedhuler.synchronize_transactions_and_user_notifications (trigger: cron[second='*/5'], next run at: 2020-08-07 07:53:05 UTC)" skipped: maximum number of running instances reached (1)
WARNING:apscheduler.scheduler:Execution of job "Scedhuler.synchronize_transactions_and_user_notifications (trigger: cron[second='*/5'], next run at: 2020-08-07 07:53:10 UTC)" skipped: maximum number of running instances reached (1)
WARNING:apscheduler.scheduler:Execution of job "Scedhuler.synchronize_transactions_and_user_notifications (trigger: cron[second='*/5'], next run at: 2020-08-07 07:53:15 UTC)" skipped: maximum number of running instances reached (1)
WARNING:apscheduler.scheduler:Execution of job "Scedhuler.synchronize_transactions_and_user_notifications (trigger: cron[second='*/5'], next run at: 2020-08-07 07:53:20 UTC)" skipped: maximum number of running instances reached (1)
WARNING:apscheduler.scheduler:Execution of job "Scedhuler.synchronize_transactions_and_user_notifications (trigger: cron[second='*/5'], next run at: 2020-08-07 07:53:25 UTC)" skipped: maximum number of running instances reached (1)
WARNING:apscheduler.scheduler:Execution of job "Scedhuler.synchronize_transactions_and_user_notifications (trigger: cron[second='*/5'], next run at: 2020-08-07 07:53:30 UTC)" skipped: maximum number of running instances reached (1)
WARNING:apscheduler.scheduler:Execution of job "Scedhuler.synchronize_transactions_and_user_notifications (trigger: cron[second='*/5'], next run at: 2020-08-07 07:53:35 UTC)" skipped: maximum number of running instances reached (1)
WARNING:apscheduler.scheduler:Execution of job "Scedhuler.synchronize_transactions_and_user_notifications (trigger: cron[second='*/5'], next run at: 2020-08-07 07:53:40 UTC)" skipped: maximum number of running instances reached (1)
WARNING:apscheduler.scheduler:Execution of job "Scedhuler.synchronize_transactions_and_user_notifications (trigger: cron[second='*/5'], next run at: 2020-08-07 07:53:45 UTC)" skipped: maximum number of running instances reached (1)
WARNING:apscheduler.scheduler:Execution of job "Scedhuler.synchronize_transactions_and_user_notifications (trigger: cron[second='*/5'], next run at: 2020-08-07 07:53:50 UTC)" skipped: maximum number of running instances reached (1)
WARNING:apscheduler.scheduler:Execution of job "Scedhuler.synchronize_transactions_and_user_notifications (trigger: cron[second='*/5'], next run at: 2020-08-07 07:53:55 UTC)" skipped: maximum number of running instances reached (1)
WARNING:apscheduler.scheduler:Execution of job "Scedhuler.synchronize_transactions_and_user_notifications (trigger: cron[second='*/5'], next run at: 2020-08-07 07:54:00 UTC)" skipped: maximum number of running instances reached (1)
WARNING:apscheduler.scheduler:Execution of job "Scedhuler.synchronize_transactions_and_user_notifications (trigger: cron[second='*/5'], next run at: 2020-08-07 07:54:05 UTC)" skipped: maximum number of running instances reached (1)
WARNING:apscheduler.scheduler:Execution of job "Scedhuler.synchronize_transactions_and_user_notifications (trigger: cron[second='*/5'], next run at: 2020-08-07 07:54:10 UTC)" skipped: maximum number of running instances reached (1)
WARNING:apscheduler.scheduler:Execution of job "Scedhuler.synchronize_transactions_and_user_notifications (trigger: cron[second='*/5'], next run at: 2020-08-07 07:54:15 UTC)" skipped: maximum number of running instances reached (1)
WARNING:apscheduler.scheduler:Execution of job "Scedhuler.synchronize_transactions_and_user_notifications (trigger: cron[second='*/5'], next run at: 2020-08-07 07:54:20 UTC)" skipped: maximum number of running instances reached (1)
WARNING:apscheduler.scheduler:Execution of job "Scedhuler.synchronize_transactions_and_user_notifications (trigger: cron[second='*/5'], next run at: 2020-08-07 07:54:25 UTC)" skipped: maximum number of running instances reached (1)
WARNING:apscheduler.scheduler:Execution of job "Scedhuler.synchronize_transactions_and_user_notifications (trigger: cron[second='*/5'], next run at: 2020-08-07 07:54:30 UTC)" skipped: maximum number of running instances reached (1)
WARNING:apscheduler.scheduler:Execution of job "Scedhuler.synchronize_transactions_and_user_notifications (trigger: cron[second='*/5'], next run at: 2020-08-07 07:54:35 UTC)" skipped: maximum number of running instances reached (1)
WARNING:apscheduler.scheduler:Execution of job "Scedhuler.synchronize_transactions_and_user_notifications (trigger: cron[second='*/5'], next run at: 2020-08-07 07:54:40 UTC)" skipped: maximum number of running instances reached (1)
WARNING:apscheduler.scheduler:Execution of job "Scedhuler.synchronize_transactions_and_user_notifications (trigger: cron[second='*/5'], next run at: 2020-08-07 07:54:45 UTC)" skipped: maximum number of running instances reached (1)
WARNING:apscheduler.scheduler:Execution of job "Scedhuler.synchronize_transactions_and_user_notifications (trigger: cron[second='*/5'], next run at: 2020-08-07 07:54:50 UTC)" skipped: maximum number of running instances reached (1)
WARNING:apscheduler.scheduler:Execution of job "Scedhuler.synchronize_transactions_and_user_notifications (trigger: cron[second='*/5'], next run at: 2020-08-07 07:54:55 UTC)" skipped: maximum number of running instances reached (1)
WARNING:apscheduler.scheduler:Execution of job "Scedhuler.synchronize_transactions_and_user_notifications (trigger: cron[second='*/5'], next run at: 2020-08-07 07:55:00 UTC)" skipped: maximum number of running instances reached (1)
WARNING:apscheduler.scheduler:Execution of job "Scedhuler.synchronize_transactions_and_user_notifications (trigger: cron[second='*/5'], next run at: 2020-08-07 07:55:05 UTC)" skipped: maximum number of running instances reached (1)
WARNING:apscheduler.scheduler:Execution of job "Scedhuler.synchronize_transactions_and_user_notifications (trigger: cron[second='*/5'], next run at: 2020-08-07 07:55:10 UTC)" skipped: maximum number of running instances reached (1)
WARNING:apscheduler.scheduler:Execution of job "Scedhuler.synchronize_transactions_and_user_notifications (trigger: cron[second='*/5'], next run at: 2020-08-07 07:55:15 UTC)" skipped: maximum number of running instances reached (1)
WARNING:apscheduler.scheduler:Execution of job "Scedhuler.synchronize_transactions_and_user_notifications (trigger: cron[second='*/5'], next run at: 2020-08-07 07:55:20 UTC)" skipped: maximum number of running instances reached (1)
WARNING:apscheduler.scheduler:Execution of job "Scedhuler.synchronize_transactions_and_user_notifications (trigger: cron[second='*/5'], next run at: 2020-08-07 07:55:25 UTC)" skipped: maximum number of running instances reached (1)
WARNING:apscheduler.scheduler:Execution of job "Scedhuler.synchronize_transactions_and_user_notifications (trigger: cron[second='*/5'], next run at: 2020-08-07 07:55:30 UTC)" skipped: maximum number of running instances reached (1)
WARNING:apscheduler.scheduler:Execution of job "Scedhuler.synchronize_transactions_and_user_notifications (trigger: cron[second='*/5'], next run at: 2020-08-07 07:55:35 UTC)" skipped: maximum number of running instances reached (1)
WARNING:apscheduler.scheduler:Execution of job "Scedhuler.synchronize_transactions_and_user_notifications (trigger: cron[second='*/5'], next run at: 2020-08-07 07:55:40 UTC)" skipped: maximum number of running instances reached (1)
WARNING:apscheduler.scheduler:Execution of job "Scedhuler.synchronize_transactions_and_user_notifications (trigger: cron[second='*/5'], next run at: 2020-08-07 07:55:45 UTC)" skipped: maximum number of running instances reached (1)
WARNING:apscheduler.scheduler:Execution of job "Scedhuler.synchronize_transactions_and_user_notifications (trigger: cron[second='*/5'], next run at: 2020-08-07 07:55:50 UTC)" skipped: maximum number of running instances reached (1)
WARNING:apscheduler.scheduler:Execution of job "Scedhuler.synchronize_transactions_and_user_notifications (trigger: cron[second='*/5'], next run at: 2020-08-07 07:55:55 UTC)" skipped: maximum number of running instances reached (1)
WARNING:apscheduler.scheduler:Execution of job "Scedhuler.synchronize_transactions_and_user_notifications (trigger: cron[second='*/5'], next run at: 2020-08-07 07:56:00 UTC)" skipped: maximum number of running instances reached (1)
WARNING:apscheduler.scheduler:Execution of job "Scedhuler.synchronize_transactions_and_user_notifications (trigger: cron[second='*/5'], next run at: 2020-08-07 07:56:05 UTC)" skipped: maximum number of running instances reached (1)
WARNING:apscheduler.scheduler:Execution of job "Scedhuler.synchronize_transactions_and_user_notifications (trigger: cron[second='*/5'], next run at: 2020-08-07 07:56:10 UTC)" skipped: maximum number of running instances reached (1)
WARNING:apscheduler.scheduler:Execution of job "Scedhuler.synchronize_transactions_and_user_notifications (trigger: cron[second='*/5'], next run at: 2020-08-07 07:56:15 UTC)" skipped: maximum number of running instances reached (1)
WARNING:apscheduler.scheduler:Execution of job "Scedhuler.synchronize_transactions_and_user_notifications (trigger: cron[second='*/5'], next run at: 2020-08-07 07:56:20 UTC)" skipped: maximum number of running instances reached (1)
WARNING:apscheduler.scheduler:Execution of job "Scedhuler.synchronize_transactions_and_user_notifications (trigger: cron[second='*/5'], next run at: 2020-08-07 07:56:25 UTC)" skipped: maximum number of running instances reached (1)
WARNING:apscheduler.scheduler:Execution of job "Scedhuler.synchronize_transactions_and_user_notifications (trigger: cron[second='*/5'], next run at: 2020-08-07 07:56:30 UTC)" skipped: maximum number of running instances reached (1)
WARNING:apscheduler.scheduler:Execution of job "Scedhuler.synchronize_transactions_and_user_notifications (trigger: cron[second='*/5'], next run at: 2020-08-07 07:56:35 UTC)" skipped: maximum number of running instances reached (1)
WARNING:apscheduler.scheduler:Execution of job "Scedhuler.synchronize_transactions_and_user_notifications (trigger: cron[second='*/5'], next run at: 2020-08-07 07:56:40 UTC)" skipped: maximum number of running instances reached (1)
WARNING:apscheduler.scheduler:Execution of job "Scedhuler.synchronize_transactions_and_user_notifications (trigger: cron[second='*/5'], next run at: 2020-08-07 07:56:45 UTC)" skipped: maximum number of running instances reached (1)
WARNING:apscheduler.scheduler:Execution of job "Scedhuler.synchronize_transactions_and_user_notifications (trigger: cron[second='*/5'], next run at: 2020-08-07 07:56:50 UTC)" skipped: maximum number of running instances reached (1)
WARNING:apscheduler.scheduler:Execution of job "Scedhuler.synchronize_transactions_and_user_notifications (trigger: cron[second='*/5'], next run at: 2020-08-07 07:56:55 UTC)" skipped: maximum number of running instances reached (1)
WARNING:apscheduler.scheduler:Execution of job "Scedhuler.synchronize_transactions_and_user_notifications (trigger: cron[second='*/5'], next run at: 2020-08-07 07:57:00 UTC)" skipped: maximum number of running instances reached (1)
WARNING:apscheduler.scheduler:Execution of job "Scedhuler.synchronize_transactions_and_user_notifications (trigger: cron[second='*/5'], next run at: 2020-08-07 07:57:05 UTC)" skipped: maximum number of running instances reached (1)
WARNING:apscheduler.scheduler:Execution of job "Scedhuler.synchronize_transactions_and_user_notifications (trigger: cron[second='*/5'], next run at: 2020-08-07 07:57:10 UTC)" skipped: maximum number of running instances reached (1)
WARNING:apscheduler.scheduler:Execution of job "Scedhuler.synchronize_transactions_and_user_notifications (trigger: cron[second='*/5'], next run at: 2020-08-07 07:57:15 UTC)" skipped: maximum number of running instances reached (1)
WARNING:apscheduler.scheduler:Execution of job "Scedhuler.synchronize_transactions_and_user_notifications (trigger: cron[second='*/5'], next run at: 2020-08-07 07:57:20 UTC)" skipped: maximum number of running instances reached (1)
WARNING:apscheduler.scheduler:Execution of job "Scedhuler.synchronize_transactions_and_user_notifications (trigger: cron[second='*/5'], next run at: 2020-08-07 07:57:25 UTC)" skipped: maximum number of running instances reached (1)
WARNING:apscheduler.scheduler:Execution of job "Scedhuler.synchronize_transactions_and_user_notifications (trigger: cron[second='*/5'], next run at: 2020-08-07 07:57:30 UTC)" skipped: maximum number of running instances reached (1)
WARNING:apscheduler.scheduler:Execution of job "Scedhuler.synchronize_transactions_and_user_notifications (trigger: cron[second='*/5'], next run at: 2020-08-07 07:57:35 UTC)" skipped: maximum number of running instances reached (1)
WARNING:apscheduler.scheduler:Execution of job "Scedhuler.synchronize_transactions_and_user_notifications (trigger: cron[second='*/5'], next run at: 2020-08-07 07:57:40 UTC)" skipped: maximum number of running instances reached (1)
WARNING:apscheduler.scheduler:Execution of job "Scedhuler.synchronize_transactions_and_user_notifications (trigger: cron[second='*/5'], next run at: 2020-08-07 07:57:45 UTC)" skipped: maximum number of running instances reached (1)
WARNING:apscheduler.scheduler:Execution of job "Scedhuler.synchronize_transactions_and_user_notifications (trigger: cron[second='*/5'], next run at: 2020-08-07 07:57:50 UTC)" skipped: maximum number of running instances reached (1)
WARNING:apscheduler.scheduler:Execution of job "Scedhuler.synchronize_transactions_and_user_notifications (trigger: cron[second='*/5'], next run at: 2020-08-07 07:57:55 UTC)" skipped: maximum number of running instances reached (1)
WARNING:apscheduler.scheduler:Execution of job "Scedhuler.synchronize_transactions_and_user_notifications (trigger: cron[second='*/5'], next run at: 2020-08-07 07:58:00 UTC)" skipped: maximum number of running instances reached (1)
WARNING:apscheduler.scheduler:Execution of job "Scedhuler.synchronize_transactions_and_user_notifications (trigger: cron[second='*/5'], next run at: 2020-08-07 07:58:05 UTC)" skipped: maximum number of running instances reached (1)
WARNING:apscheduler.scheduler:Execution of job "Scedhuler.synchronize_transactions_and_user_notifications (trigger: cron[second='*/5'], next run at: 2020-08-07 07:58:10 UTC)" skipped: maximum number of running instances reached (1)
WARNING:apscheduler.scheduler:Execution of job "Scedhuler.synchronize_transactions_and_user_notifications (trigger: cron[second='*/5'], next run at: 2020-08-07 07:58:15 UTC)" skipped: maximum number of running instances reached (1)
WARNING:apscheduler.scheduler:Execution of job "Scedhuler.synchronize_transactions_and_user_notifications (trigger: cron[second='*/5'], next run at: 2020-08-07 07:58:20 UTC)" skipped: maximum number of running instances reached (1)
WARNING:apscheduler.scheduler:Execution of job "Scedhuler.synchronize_transactions_and_user_notifications (trigger: cron[second='*/5'], next run at: 2020-08-07 07:58:25 UTC)" skipped: maximum number of running instances reached (1)
WARNING:apscheduler.scheduler:Execution of job "Scedhuler.synchronize_transactions_and_user_notifications (trigger: cron[second='*/5'], next run at: 2020-08-07 07:58:30 UTC)" skipped: maximum number of running instances reached (1)
WARNING:apscheduler.scheduler:Execution of job "Scedhuler.synchronize_transactions_and_user_notifications (trigger: cron[second='*/5'], next run at: 2020-08-07 07:58:35 UTC)" skipped: maximum number of running instances reached (1)
WARNING:apscheduler.scheduler:Execution of job "Scedhuler.synchronize_transactions_and_user_notifications (trigger: cron[second='*/5'], next run at: 2020-08-07 07:58:40 UTC)" skipped: maximum number of running instances reached (1)
WARNING:apscheduler.scheduler:Execution of job "Scedhuler.synchronize_transactions_and_user_notifications (trigger: cron[second='*/5'], next run at: 2020-08-07 07:58:45 UTC)" skipped: maximum number of running instances reached (1)
WARNING:apscheduler.scheduler:Execution of job "Scedhuler.synchronize_transactions_and_user_notifications (trigger: cron[second='*/5'], next run at: 2020-08-07 07:58:50 UTC)" skipped: maximum number of running instances reached (1)
WARNING:apscheduler.scheduler:Execution of job "Scedhuler.synchronize_transactions_and_user_notifications (trigger: cron[second='*/5'], next run at: 2020-08-07 07:58:55 UTC)" skipped: maximum number of running instances reached (1)
WARNING:apscheduler.scheduler:Execution of job "Scedhuler.synchronize_transactions_and_user_notifications (trigger: cron[second='*/5'], next run at: 2020-08-07 07:59:00 UTC)" skipped: maximum number of running instances reached (1)
WARNING:apscheduler.scheduler:Execution of job "Scedhuler.synchronize_transactions_and_user_notifications (trigger: cron[second='*/5'], next run at: 2020-08-07 07:59:05 UTC)" skipped: maximum number of running instances reached (1)
WARNING:apscheduler.scheduler:Execution of job "Scedhuler.synchronize_transactions_and_user_notifications (trigger: cron[second='*/5'], next run at: 2020-08-07 07:59:10 UTC)" skipped: maximum number of running instances reached (1)
WARNING:apscheduler.scheduler:Execution of job "Scedhuler.synchronize_transactions_and_user_notifications (trigger: cron[second='*/5'], next run at: 2020-08-07 07:59:15 UTC)" skipped: maximum number of running instances reached (1)
WARNING:apscheduler.scheduler:Execution of job "Scedhuler.synchronize_transactions_and_user_notifications (trigger: cron[second='*/5'], next run at: 2020-08-07 07:59:20 UTC)" skipped: maximum number of running instances reached (1)
WARNING:apscheduler.scheduler:Execution of job "Scedhuler.synchronize_transactions_and_user_notifications (trigger: cron[second='*/5'], next run at: 2020-08-07 07:59:25 UTC)" skipped: maximum number of running instances reached (1)
WARNING:apscheduler.scheduler:Execution of job "Scedhuler.synchronize_transactions_and_user_notifications (trigger: cron[second='*/5'], next run at: 2020-08-07 07:59:30 UTC)" skipped: maximum number of running instances reached (1)
WARNING:apscheduler.scheduler:Execution of job "Scedhuler.synchronize_transactions_and_user_notifications (trigger: cron[second='*/5'], next run at: 2020-08-07 07:59:35 UTC)" skipped: maximum number of running instances reached (1)
WARNING:apscheduler.scheduler:Execution of job "Scedhuler.synchronize_transactions_and_user_notifications (trigger: cron[second='*/5'], next run at: 2020-08-07 07:59:40 UTC)" skipped: maximum number of running instances reached (1)
WARNING:apscheduler.scheduler:Execution of job "Scedhuler.synchronize_transactions_and_user_notifications (trigger: cron[second='*/5'], next run at: 2020-08-07 07:59:45 UTC)" skipped: maximum number of running instances reached (1)
WARNING:apscheduler.scheduler:Execution of job "Scedhuler.synchronize_transactions_and_user_notifications (trigger: cron[second='*/5'], next run at: 2020-08-07 07:59:50 UTC)" skipped: maximum number of running instances reached (1)
WARNING:apscheduler.scheduler:Execution of job "Scedhuler.synchronize_transactions_and_user_notifications (trigger: cron[second='*/5'], next run at: 2020-08-07 07:59:55 UTC)" skipped: maximum number of running instances reached (1)
WARNING:apscheduler.scheduler:Execution of job "Scedhuler.synchronize_transactions_and_user_notifications (trigger: cron[second='*/5'], next run at: 2020-08-07 08:00:00 UTC)" skipped: maximum number of running instances reached (1)
WARNING:apscheduler.scheduler:Execution of job "Scedhuler.synchronize_transactions_and_user_notifications (trigger: cron[second='*/5'], next run at: 2020-08-07 08:00:05 UTC)" skipped: maximum number of running instances reached (1)
WARNING:apscheduler.scheduler:Execution of job "Scedhuler.synchronize_transactions_and_user_notifications (trigger: cron[second='*/5'], next run at: 2020-08-07 08:00:10 UTC)" skipped: maximum number of running instances reached (1)
WARNING:apscheduler.scheduler:Execution of job "Scedhuler.synchronize_transactions_and_user_notifications (trigger: cron[second='*/5'], next run at: 2020-08-07 08:00:15 UTC)" skipped: maximum number of running instances reached (1)
WARNING:apscheduler.scheduler:Execution of job "Scedhuler.synchronize_transactions_and_user_notifications (trigger: cron[second='*/5'], next run at: 2020-08-07 08:00:20 UTC)" skipped: maximum number of running instances reached (1)
WARNING:apscheduler.scheduler:Execution of job "Scedhuler.synchronize_transactions_and_user_notifications (trigger: cron[second='*/5'], next run at: 2020-08-07 08:00:25 UTC)" skipped: maximum number of running instances reached (1)
WARNING:apscheduler.scheduler:Execution of job "Scedhuler.synchronize_transactions_and_user_notifications (trigger: cron[second='*/5'], next run at: 2020-08-07 08:00:30 UTC)" skipped: maximum number of running instances reached (1)
WARNING:apscheduler.scheduler:Execution of job "Scedhuler.synchronize_transactions_and_user_notifications (trigger: cron[second='*/5'], next run at: 2020-08-07 08:00:35 UTC)" skipped: maximum number of running instances reached (1)
WARNING:apscheduler.scheduler:Execution of job "Scedhuler.synchronize_transactions_and_user_notifications (trigger: cron[second='*/5'], next run at: 2020-08-07 08:00:40 UTC)" skipped: maximum number of running instances reached (1)
WARNING:apscheduler.scheduler:Execution of job "Scedhuler.synchronize_transactions_and_user_notifications (trigger: cron[second='*/5'], next run at: 2020-08-07 08:00:45 UTC)" skipped: maximum number of running instances reached (1)
WARNING:apscheduler.scheduler:Execution of job "Scedhuler.synchronize_transactions_and_user_notifications (trigger: cron[second='*/5'], next run at: 2020-08-07 08:00:50 UTC)" skipped: maximum number of running instances reached (1)
WARNING:apscheduler.scheduler:Execution of job "Scedhuler.synchronize_transactions_and_user_notifications (trigger: cron[second='*/5'], next run at: 2020-08-07 08:00:55 UTC)" skipped: maximum number of running instances reached (1)
WARNING:apscheduler.scheduler:Execution of job "Scedhuler.synchronize_transactions_and_user_notifications (trigger: cron[second='*/5'], next run at: 2020-08-07 08:01:00 UTC)" skipped: maximum number of running instances reached (1)
WARNING:apscheduler.scheduler:Execution of job "Scedhuler.synchronize_transactions_and_user_notifications (trigger: cron[second='*/5'], next run at: 2020-08-07 08:01:05 UTC)" skipped: maximum number of running instances reached (1)
WARNING:apscheduler.scheduler:Execution of job "Scedhuler.synchronize_transactions_and_user_notifications (trigger: cron[second='*/5'], next run at: 2020-08-07 08:01:10 UTC)" skipped: maximum number of running instances reached (1)
WARNING:apscheduler.scheduler:Execution of job "Scedhuler.synchronize_transactions_and_user_notifications (trigger: cron[second='*/5'], next run at: 2020-08-07 08:01:15 UTC)" skipped: maximum number of running instances reached (1)
WARNING:apscheduler.scheduler:Execution of job "Scedhuler.synchronize_transactions_and_user_notifications (trigger: cron[second='*/5'], next run at: 2020-08-07 08:01:20 UTC)" skipped: maximum number of running instances reached (1)
WARNING:apscheduler.scheduler:Execution of job "Scedhuler.synchronize_transactions_and_user_notifications (trigger: cron[second='*/5'], next run at: 2020-08-07 08:01:25 UTC)" skipped: maximum number of running instances reached (1)
WARNING:apscheduler.scheduler:Execution of job "Scedhuler.synchronize_transactions_and_user_notifications (trigger: cron[second='*/5'], next run at: 2020-08-07 08:01:30 UTC)" skipped: maximum number of running instances reached (1)
WARNING:apscheduler.scheduler:Execution of job "Scedhuler.synchronize_transactions_and_user_notifications (trigger: cron[second='*/5'], next run at: 2020-08-07 08:01:35 UTC)" skipped: maximum number of running instances reached (1)
WARNING:apscheduler.scheduler:Execution of job "Scedhuler.synchronize_transactions_and_user_notifications (trigger: cron[second='*/5'], next run at: 2020-08-07 08:01:40 UTC)" skipped: maximum number of running instances reached (1)
WARNING:apscheduler.scheduler:Execution of job "Scedhuler.synchronize_transactions_and_user_notifications (trigger: cron[second='*/5'], next run at: 2020-08-07 08:01:45 UTC)" skipped: maximum number of running instances reached (1)
WARNING:apscheduler.scheduler:Execution of job "Scedhuler.synchronize_transactions_and_user_notifications (trigger: cron[second='*/5'], next run at: 2020-08-07 08:01:50 UTC)" skipped: maximum number of running instances reached (1)
WARNING:apscheduler.scheduler:Execution of job "Scedhuler.synchronize_transactions_and_user_notifications (trigger: cron[second='*/5'], next run at: 2020-08-07 08:01:55 UTC)" skipped: maximum number of running instances reached (1)
WARNING:apscheduler.scheduler:Execution of job "Scedhuler.synchronize_transactions_and_user_notifications (trigger: cron[second='*/5'], next run at: 2020-08-07 08:02:00 UTC)" skipped: maximum number of running instances reached (1)
WARNING:apscheduler.scheduler:Execution of job "Scedhuler.synchronize_transactions_and_user_notifications (trigger: cron[second='*/5'], next run at: 2020-08-07 08:02:05 UTC)" skipped: maximum number of running instances reached (1)
WARNING:apscheduler.scheduler:Execution of job "Scedhuler.synchronize_transactions_and_user_notifications (trigger: cron[second='*/5'], next run at: 2020-08-07 08:02:10 UTC)" skipped: maximum number of running instances reached (1)
WARNING:apscheduler.scheduler:Execution of job "Scedhuler.synchronize_transactions_and_user_notifications (trigger: cron[second='*/5'], next run at: 2020-08-07 08:02:15 UTC)" skipped: maximum number of running instances reached (1)
WARNING:apscheduler.scheduler:Execution of job "Scedhuler.synchronize_transactions_and_user_notifications (trigger: cron[second='*/5'], next run at: 2020-08-07 08:02:20 UTC)" skipped: maximum number of running instances reached (1)
WARNING:apscheduler.scheduler:Execution of job "Scedhuler.synchronize_transactions_and_user_notifications (trigger: cron[second='*/5'], next run at: 2020-08-07 08:02:25 UTC)" skipped: maximum number of running instances reached (1)
WARNING:apscheduler.scheduler:Execution of job "Scedhuler.synchronize_transactions_and_user_notifications (trigger: cron[second='*/5'], next run at: 2020-08-07 08:02:30 UTC)" skipped: maximum number of running instances reached (1)
WARNING:apscheduler.scheduler:Execution of job "Scedhuler.synchronize_transactions_and_user_notifications (trigger: cron[second='*/5'], next run at: 2020-08-07 08:02:35 UTC)" skipped: maximum number of running instances reached (1)
WARNING:apscheduler.scheduler:Execution of job "Scedhuler.synchronize_transactions_and_user_notifications (trigger: cron[second='*/5'], next run at: 2020-08-07 08:02:40 UTC)" skipped: maximum number of running instances reached (1)
WARNING:apscheduler.scheduler:Execution of job "Scedhuler.synchronize_transactions_and_user_notifications (trigger: cron[second='*/5'], next run at: 2020-08-07 08:02:45 UTC)" skipped: maximum number of running instances reached (1)
WARNING:apscheduler.scheduler:Execution of job "Scedhuler.synchronize_transactions_and_user_notifications (trigger: cron[second='*/5'], next run at: 2020-08-07 08:02:50 UTC)" skipped: maximum number of running instances reached (1)
WARNING:apscheduler.scheduler:Execution of job "Scedhuler.synchronize_transactions_and_user_notifications (trigger: cron[second='*/5'], next run at: 2020-08-07 08:02:55 UTC)" skipped: maximum number of running instances reached (1)
WARNING:apscheduler.scheduler:Execution of job "Scedhuler.synchronize_transactions_and_user_notifications (trigger: cron[second='*/5'], next run at: 2020-08-07 08:03:00 UTC)" skipped: maximum number of running instances reached (1)
WARNING:apscheduler.scheduler:Execution of job "Scedhuler.synchronize_transactions_and_user_notifications (trigger: cron[second='*/5'], next run at: 2020-08-07 08:03:05 UTC)" skipped: maximum number of running instances reached (1)
WARNING:apscheduler.scheduler:Execution of job "Scedhuler.synchronize_transactions_and_user_notifications (trigger: cron[second='*/5'], next run at: 2020-08-07 08:03:10 UTC)" skipped: maximum number of running instances reached (1)
WARNING:apscheduler.scheduler:Execution of job "Scedhuler.synchronize_transactions_and_user_notifications (trigger: cron[second='*/5'], next run at: 2020-08-07 08:03:15 UTC)" skipped: maximum number of running instances reached (1)
WARNING:apscheduler.scheduler:Execution of job "Scedhuler.synchronize_transactions_and_user_notifications (trigger: cron[second='*/5'], next run at: 2020-08-07 08:03:20 UTC)" skipped: maximum number of running instances reached (1)
WARNING:apscheduler.scheduler:Execution of job "Scedhuler.synchronize_transactions_and_user_notifications (trigger: cron[second='*/5'], next run at: 2020-08-07 08:03:25 UTC)" skipped: maximum number of running instances reached (1)
WARNING:apscheduler.scheduler:Execution of job "Scedhuler.synchronize_transactions_and_user_notifications (trigger: cron[second='*/5'], next run at: 2020-08-07 08:03:30 UTC)" skipped: maximum number of running instances reached (1)
WARNING:apscheduler.scheduler:Execution of job "Scedhuler.synchronize_transactions_and_user_notifications (trigger: cron[second='*/5'], next run at: 2020-08-07 08:03:35 UTC)" skipped: maximum number of running instances reached (1)
WARNING:apscheduler.scheduler:Execution of job "Scedhuler.synchronize_transactions_and_user_notifications (trigger: cron[second='*/5'], next run at: 2020-08-07 08:03:40 UTC)" skipped: maximum number of running instances reached (1)
WARNING:apscheduler.scheduler:Execution of job "Scedhuler.synchronize_transactions_and_user_notifications (trigger: cron[second='*/5'], next run at: 2020-08-07 08:03:45 UTC)" skipped: maximum number of running instances reached (1)
WARNING:apscheduler.scheduler:Execution of job "Scedhuler.synchronize_transactions_and_user_notifications (trigger: cron[second='*/5'], next run at: 2020-08-07 08:03:50 UTC)" skipped: maximum number of running instances reached (1)
WARNING:apscheduler.scheduler:Execution of job "Scedhuler.synchronize_transactions_and_user_notifications (trigger: cron[second='*/5'], next run at: 2020-08-07 08:03:55 UTC)" skipped: maximum number of running instances reached (1)
WARNING:apscheduler.scheduler:Execution of job "Scedhuler.synchronize_transactions_and_user_notifications (trigger: cron[second='*/5'], next run at: 2020-08-07 08:04:00 UTC)" skipped: maximum number of running instances reached (1)
WARNING:apscheduler.scheduler:Execution of job "Scedhuler.synchronize_transactions_and_user_notifications (trigger: cron[second='*/5'], next run at: 2020-08-07 08:04:05 UTC)" skipped: maximum number of running instances reached (1)
WARNING:apscheduler.scheduler:Execution of job "Scedhuler.synchronize_transactions_and_user_notifications (trigger: cron[second='*/5'], next run at: 2020-08-07 08:04:10 UTC)" skipped: maximum number of running instances reached (1)
WARNING:apscheduler.scheduler:Execution of job "Scedhuler.synchronize_transactions_and_user_notifications (trigger: cron[second='*/5'], next run at: 2020-08-07 08:04:15 UTC)" skipped: maximum number of running instances reached (1)
WARNING:apscheduler.scheduler:Execution of job "Scedhuler.synchronize_transactions_and_user_notifications (trigger: cron[second='*/5'], next run at: 2020-08-07 08:04:20 UTC)" skipped: maximum number of running instances reached (1)
WARNING:apscheduler.scheduler:Execution of job "Scedhuler.synchronize_transactions_and_user_notifications (trigger: cron[second='*/5'], next run at: 2020-08-07 08:04:25 UTC)" skipped: maximum number of running instances reached (1)
WARNING:apscheduler.scheduler:Execution of job "Scedhuler.synchronize_transactions_and_user_notifications (trigger: cron[second='*/5'], next run at: 2020-08-07 08:04:30 UTC)" skipped: maximum number of running instances reached (1)
WARNING:apscheduler.scheduler:Execution of job "Scedhuler.synchronize_transactions_and_user_notifications (trigger: cron[second='*/5'], next run at: 2020-08-07 08:04:35 UTC)" skipped: maximum number of running instances reached (1)
WARNING:apscheduler.scheduler:Execution of job "Scedhuler.synchronize_transactions_and_user_notifications (trigger: cron[second='*/5'], next run at: 2020-08-07 08:04:40 UTC)" skipped: maximum number of running instances reached (1)
WARNING:apscheduler.scheduler:Execution of job "Scedhuler.synchronize_transactions_and_user_notifications (trigger: cron[second='*/5'], next run at: 2020-08-07 08:04:45 UTC)" skipped: maximum number of running instances reached (1)
WARNING:apscheduler.scheduler:Execution of job "Scedhuler.synchronize_transactions_and_user_notifications (trigger: cron[second='*/5'], next run at: 2020-08-07 08:04:50 UTC)" skipped: maximum number of running instances reached (1)
WARNING:apscheduler.scheduler:Execution of job "Scedhuler.synchronize_transactions_and_user_notifications (trigger: cron[second='*/5'], next run at: 2020-08-07 08:04:55 UTC)" skipped: maximum number of running instances reached (1)
WARNING:apscheduler.scheduler:Execution of job "Scedhuler.synchronize_transactions_and_user_notifications (trigger: cron[second='*/5'], next run at: 2020-08-07 08:05:00 UTC)" skipped: maximum number of running instances reached (1)
WARNING:apscheduler.scheduler:Execution of job "Scedhuler.synchronize_transactions_and_user_notifications (trigger: cron[second='*/5'], next run at: 2020-08-07 08:05:05 UTC)" skipped: maximum number of running instances reached (1)
WARNING:apscheduler.scheduler:Execution of job "Scedhuler.synchronize_transactions_and_user_notifications (trigger: cron[second='*/5'], next run at: 2020-08-07 08:05:10 UTC)" skipped: maximum number of running instances reached (1)
WARNING:apscheduler.scheduler:Execution of job "Scedhuler.synchronize_transactions_and_user_notifications (trigger: cron[second='*/5'], next run at: 2020-08-07 08:05:15 UTC)" skipped: maximum number of running instances reached (1)
WARNING:apscheduler.scheduler:Execution of job "Scedhuler.synchronize_transactions_and_user_notifications (trigger: cron[second='*/5'], next run at: 2020-08-07 08:05:20 UTC)" skipped: maximum number of running instances reached (1)
WARNING:apscheduler.scheduler:Execution of job "Scedhuler.synchronize_transactions_and_user_notifications (trigger: cron[second='*/5'], next run at: 2020-08-07 08:05:25 UTC)" skipped: maximum number of running instances reached (1)
WARNING:apscheduler.scheduler:Execution of job "Scedhuler.synchronize_transactions_and_user_notifications (trigger: cron[second='*/5'], next run at: 2020-08-07 08:05:30 UTC)" skipped: maximum number of running instances reached (1)
WARNING:apscheduler.scheduler:Execution of job "Scedhuler.synchronize_transactions_and_user_notifications (trigger: cron[second='*/5'], next run at: 2020-08-07 08:05:35 UTC)" skipped: maximum number of running instances reached (1)
WARNING:apscheduler.scheduler:Execution of job "Scedhuler.synchronize_transactions_and_user_notifications (trigger: cron[second='*/5'], next run at: 2020-08-07 08:05:40 UTC)" skipped: maximum number of running instances reached (1)
WARNING:apscheduler.scheduler:Execution of job "Scedhuler.synchronize_transactions_and_user_notifications (trigger: cron[second='*/5'], next run at: 2020-08-07 08:05:45 UTC)" skipped: maximum number of running instances reached (1)
WARNING:apscheduler.scheduler:Execution of job "Scedhuler.synchronize_transactions_and_user_notifications (trigger: cron[second='*/5'], next run at: 2020-08-07 08:05:50 UTC)" skipped: maximum number of running instances reached (1)
WARNING:apscheduler.scheduler:Execution of job "Scedhuler.synchronize_transactions_and_user_notifications (trigger: cron[second='*/5'], next run at: 2020-08-07 08:05:55 UTC)" skipped: maximum number of running instances reached (1)
WARNING:apscheduler.scheduler:Execution of job "Scedhuler.synchronize_transactions_and_user_notifications (trigger: cron[second='*/5'], next run at: 2020-08-07 08:06:00 UTC)" skipped: maximum number of running instances reached (1)
WARNING:apscheduler.scheduler:Execution of job "Scedhuler.synchronize_transactions_and_user_notifications (trigger: cron[second='*/5'], next run at: 2020-08-07 08:06:05 UTC)" skipped: maximum number of running instances reached (1)
WARNING:apscheduler.scheduler:Execution of job "Scedhuler.synchronize_transactions_and_user_notifications (trigger: cron[second='*/5'], next run at: 2020-08-07 08:06:10 UTC)" skipped: maximum number of running instances reached (1)
WARNING:apscheduler.scheduler:Execution of job "Scedhuler.synchronize_transactions_and_user_notifications (trigger: cron[second='*/5'], next run at: 2020-08-07 08:06:15 UTC)" skipped: maximum number of running instances reached (1)
WARNING:apscheduler.scheduler:Execution of job "Scedhuler.synchronize_transactions_and_user_notifications (trigger: cron[second='*/5'], next run at: 2020-08-07 08:06:20 UTC)" skipped: maximum number of running instances reached (1)
WARNING:apscheduler.scheduler:Execution of job "Scedhuler.synchronize_transactions_and_user_notifications (trigger: cron[second='*/5'], next run at: 2020-08-07 08:06:25 UTC)" skipped: maximum number of running instances reached (1)
WARNING:apscheduler.scheduler:Execution of job "Scedhuler.synchronize_transactions_and_user_notifications (trigger: cron[second='*/5'], next run at: 2020-08-07 08:06:30 UTC)" skipped: maximum number of running instances reached (1)
WARNING:apscheduler.scheduler:Execution of job "Scedhuler.synchronize_transactions_and_user_notifications (trigger: cron[second='*/5'], next run at: 2020-08-07 08:06:35 UTC)" skipped: maximum number of running instances reached (1)
WARNING:apscheduler.scheduler:Execution of job "Scedhuler.synchronize_transactions_and_user_notifications (trigger: cron[second='*/5'], next run at: 2020-08-07 08:06:40 UTC)" skipped: maximum number of running instances reached (1)
WARNING:apscheduler.scheduler:Execution of job "Scedhuler.synchronize_transactions_and_user_notifications (trigger: cron[second='*/5'], next run at: 2020-08-07 08:06:45 UTC)" skipped: maximum number of running instances reached (1)
WARNING:apscheduler.scheduler:Execution of job "Scedhuler.synchronize_transactions_and_user_notifications (trigger: cron[second='*/5'], next run at: 2020-08-07 08:06:50 UTC)" skipped: maximum number of running instances reached (1)
WARNING:apscheduler.scheduler:Execution of job "Scedhuler.synchronize_transactions_and_user_notifications (trigger: cron[second='*/5'], next run at: 2020-08-07 08:06:55 UTC)" skipped: maximum number of running instances reached (1)
WARNING:apscheduler.scheduler:Execution of job "Scedhuler.synchronize_transactions_and_user_notifications (trigger: cron[second='*/5'], next run at: 2020-08-07 08:07:00 UTC)" skipped: maximum number of running instances reached (1)
WARNING:apscheduler.scheduler:Execution of job "Scedhuler.synchronize_transactions_and_user_notifications (trigger: cron[second='*/5'], next run at: 2020-08-07 08:07:05 UTC)" skipped: maximum number of running instances reached (1)
WARNING:apscheduler.scheduler:Execution of job "Scedhuler.synchronize_transactions_and_user_notifications (trigger: cron[second='*/5'], next run at: 2020-08-07 08:07:10 UTC)" skipped: maximum number of running instances reached (1)
WARNING:apscheduler.scheduler:Execution of job "Scedhuler.synchronize_transactions_and_user_notifications (trigger: cron[second='*/5'], next run at: 2020-08-07 08:07:15 UTC)" skipped: maximum number of running instances reached (1)
WARNING:apscheduler.scheduler:Execution of job "Scedhuler.synchronize_transactions_and_user_notifications (trigger: cron[second='*/5'], next run at: 2020-08-07 08:07:20 UTC)" skipped: maximum number of running instances reached (1)
WARNING:apscheduler.scheduler:Execution of job "Scedhuler.synchronize_transactions_and_user_notifications (trigger: cron[second='*/5'], next run at: 2020-08-07 08:07:25 UTC)" skipped: maximum number of running instances reached (1)
WARNING:apscheduler.scheduler:Execution of job "Scedhuler.synchronize_transactions_and_user_notifications (trigger: cron[second='*/5'], next run at: 2020-08-07 08:07:30 UTC)" skipped: maximum number of running instances reached (1)
WARNING:apscheduler.scheduler:Execution of job "Scedhuler.synchronize_transactions_and_user_notifications (trigger: cron[second='*/5'], next run at: 2020-08-07 08:07:35 UTC)" skipped: maximum number of running instances reached (1)
WARNING:apscheduler.scheduler:Execution of job "Scedhuler.synchronize_transactions_and_user_notifications (trigger: cron[second='*/5'], next run at: 2020-08-07 08:07:40 UTC)" skipped: maximum number of running instances reached (1)
WARNING:apscheduler.scheduler:Execution of job "Scedhuler.synchronize_transactions_and_user_notifications (trigger: cron[second='*/5'], next run at: 2020-08-07 08:07:45 UTC)" skipped: maximum number of running instances reached (1)
WARNING:apscheduler.scheduler:Execution of job "Scedhuler.synchronize_transactions_and_user_notifications (trigger: cron[second='*/5'], next run at: 2020-08-07 08:07:50 UTC)" skipped: maximum number of running instances reached (1)
WARNING:apscheduler.scheduler:Execution of job "Scedhuler.synchronize_transactions_and_user_notifications (trigger: cron[second='*/5'], next run at: 2020-08-07 08:07:55 UTC)" skipped: maximum number of running instances reached (1)
WARNING:apscheduler.scheduler:Execution of job "Scedhuler.synchronize_transactions_and_user_notifications (trigger: cron[second='*/5'], next run at: 2020-08-07 08:08:00 UTC)" skipped: maximum number of running instances reached (1)
WARNING:apscheduler.scheduler:Execution of job "Scedhuler.synchronize_transactions_and_user_notifications (trigger: cron[second='*/5'], next run at: 2020-08-07 08:08:05 UTC)" skipped: maximum number of running instances reached (1)
WARNING:apscheduler.scheduler:Execution of job "Scedhuler.synchronize_transactions_and_user_notifications (trigger: cron[second='*/5'], next run at: 2020-08-07 08:08:10 UTC)" skipped: maximum number of running instances reached (1)
WARNING:apscheduler.scheduler:Execution of job "Scedhuler.synchronize_transactions_and_user_notifications (trigger: cron[second='*/5'], next run at: 2020-08-07 08:08:15 UTC)" skipped: maximum number of running instances reached (1)
WARNING:apscheduler.scheduler:Execution of job "Scedhuler.synchronize_transactions_and_user_notifications (trigger: cron[second='*/5'], next run at: 2020-08-07 08:08:20 UTC)" skipped: maximum number of running instances reached (1)
WARNING:apscheduler.scheduler:Execution of job "Scedhuler.synchronize_transactions_and_user_notifications (trigger: cron[second='*/5'], next run at: 2020-08-07 08:08:25 UTC)" skipped: maximum number of running instances reached (1)
WARNING:apscheduler.scheduler:Execution of job "Scedhuler.synchronize_transactions_and_user_notifications (trigger: cron[second='*/5'], next run at: 2020-08-07 08:08:30 UTC)" skipped: maximum number of running instances reached (1)
WARNING:apscheduler.scheduler:Execution of job "Scedhuler.synchronize_transactions_and_user_notifications (trigger: cron[second='*/5'], next run at: 2020-08-07 08:08:35 UTC)" skipped: maximum number of running instances reached (1)
WARNING:apscheduler.scheduler:Execution of job "Scedhuler.synchronize_transactions_and_user_notifications (trigger: cron[second='*/5'], next run at: 2020-08-07 08:08:40 UTC)" skipped: maximum number of running instances reached (1)
WARNING:apscheduler.scheduler:Execution of job "Scedhuler.synchronize_transactions_and_user_notifications (trigger: cron[second='*/5'], next run at: 2020-08-07 08:08:45 UTC)" skipped: maximum number of running instances reached (1)
WARNING:apscheduler.scheduler:Execution of job "Scedhuler.synchronize_transactions_and_user_notifications (trigger: cron[second='*/5'], next run at: 2020-08-07 08:08:50 UTC)" skipped: maximum number of running instances reached (1)
WARNING:apscheduler.scheduler:Execution of job "Scedhuler.synchronize_transactions_and_user_notifications (trigger: cron[second='*/5'], next run at: 2020-08-07 08:08:55 UTC)" skipped: maximum number of running instances reached (1)
WARNING:apscheduler.scheduler:Execution of job "Scedhuler.synchronize_transactions_and_user_notifications (trigger: cron[second='*/5'], next run at: 2020-08-07 08:09:00 UTC)" skipped: maximum number of running instances reached (1)
WARNING:apscheduler.scheduler:Execution of job "Scedhuler.synchronize_transactions_and_user_notifications (trigger: cron[second='*/5'], next run at: 2020-08-07 08:09:05 UTC)" skipped: maximum number of running instances reached (1)
WARNING:apscheduler.scheduler:Execution of job "Scedhuler.synchronize_transactions_and_user_notifications (trigger: cron[second='*/5'], next run at: 2020-08-07 08:09:10 UTC)" skipped: maximum number of running instances reached (1)
WARNING:apscheduler.scheduler:Execution of job "Scedhuler.synchronize_transactions_and_user_notifications (trigger: cron[second='*/5'], next run at: 2020-08-07 08:09:15 UTC)" skipped: maximum number of running instances reached (1)
WARNING:apscheduler.scheduler:Execution of job "Scedhuler.synchronize_transactions_and_user_notifications (trigger: cron[second='*/5'], next run at: 2020-08-07 08:09:20 UTC)" skipped: maximum number of running instances reached (1)
WARNING:apscheduler.scheduler:Execution of job "Scedhuler.synchronize_transactions_and_user_notifications (trigger: cron[second='*/5'], next run at: 2020-08-07 08:09:25 UTC)" skipped: maximum number of running instances reached (1)
WARNING:apscheduler.scheduler:Execution of job "Scedhuler.synchronize_transactions_and_user_notifications (trigger: cron[second='*/5'], next run at: 2020-08-07 08:09:30 UTC)" skipped: maximum number of running instances reached (1)
WARNING:apscheduler.scheduler:Execution of job "Scedhuler.synchronize_transactions_and_user_notifications (trigger: cron[second='*/5'], next run at: 2020-08-07 08:09:35 UTC)" skipped: maximum number of running instances reached (1)
WARNING:apscheduler.scheduler:Execution of job "Scedhuler.synchronize_transactions_and_user_notifications (trigger: cron[second='*/5'], next run at: 2020-08-07 08:09:40 UTC)" skipped: maximum number of running instances reached (1)
WARNING:apscheduler.scheduler:Execution of job "Scedhuler.synchronize_transactions_and_user_notifications (trigger: cron[second='*/5'], next run at: 2020-08-07 08:09:45 UTC)" skipped: maximum number of running instances reached (1)
WARNING:apscheduler.scheduler:Execution of job "Scedhuler.synchronize_transactions_and_user_notifications (trigger: cron[second='*/5'], next run at: 2020-08-07 08:09:50 UTC)" skipped: maximum number of running instances reached (1)
WARNING:apscheduler.scheduler:Execution of job "Scedhuler.synchronize_transactions_and_user_notifications (trigger: cron[second='*/5'], next run at: 2020-08-07 08:09:55 UTC)" skipped: maximum number of running instances reached (1)
WARNING:apscheduler.scheduler:Execution of job "Scedhuler.synchronize_transactions_and_user_notifications (trigger: cron[second='*/5'], next run at: 2020-08-07 08:10:00 UTC)" skipped: maximum number of running instances reached (1)
WARNING:apscheduler.scheduler:Execution of job "Scedhuler.synchronize_transactions_and_user_notifications (trigger: cron[second='*/5'], next run at: 2020-08-07 08:10:05 UTC)" skipped: maximum number of running instances reached (1)
WARNING:apscheduler.scheduler:Execution of job "Scedhuler.synchronize_transactions_and_user_notifications (trigger: cron[second='*/5'], next run at: 2020-08-07 08:10:10 UTC)" skipped: maximum number of running instances reached (1)
WARNING:apscheduler.scheduler:Execution of job "Scedhuler.synchronize_transactions_and_user_notifications (trigger: cron[second='*/5'], next run at: 2020-08-07 08:10:15 UTC)" skipped: maximum number of running instances reached (1)
WARNING:apscheduler.scheduler:Execution of job "Scedhuler.synchronize_transactions_and_user_notifications (trigger: cron[second='*/5'], next run at: 2020-08-07 08:10:20 UTC)" skipped: maximum number of running instances reached (1)
WARNING:apscheduler.scheduler:Execution of job "Scedhuler.synchronize_transactions_and_user_notifications (trigger: cron[second='*/5'], next run at: 2020-08-07 08:10:25 UTC)" skipped: maximum number of running instances reached (1)
WARNING:apscheduler.scheduler:Execution of job "Scedhuler.synchronize_transactions_and_user_notifications (trigger: cron[second='*/5'], next run at: 2020-08-07 08:10:30 UTC)" skipped: maximum number of running instances reached (1)
WARNING:apscheduler.scheduler:Execution of job "Scedhuler.synchronize_transactions_and_user_notifications (trigger: cron[second='*/5'], next run at: 2020-08-07 08:10:35 UTC)" skipped: maximum number of running instances reached (1)
WARNING:apscheduler.scheduler:Execution of job "Scedhuler.synchronize_transactions_and_user_notifications (trigger: cron[second='*/5'], next run at: 2020-08-07 08:10:40 UTC)" skipped: maximum number of running instances reached (1)
WARNING:apscheduler.scheduler:Execution of job "Scedhuler.synchronize_transactions_and_user_notifications (trigger: cron[second='*/5'], next run at: 2020-08-07 08:10:45 UTC)" skipped: maximum number of running instances reached (1)
WARNING:apscheduler.scheduler:Execution of job "Scedhuler.synchronize_transactions_and_user_notifications (trigger: cron[second='*/5'], next run at: 2020-08-07 08:10:50 UTC)" skipped: maximum number of running instances reached (1)
WARNING:apscheduler.scheduler:Execution of job "Scedhuler.synchronize_transactions_and_user_notifications (trigger: cron[second='*/5'], next run at: 2020-08-07 08:10:55 UTC)" skipped: maximum number of running instances reached (1)
WARNING:apscheduler.scheduler:Execution of job "Scedhuler.synchronize_transactions_and_user_notifications (trigger: cron[second='*/5'], next run at: 2020-08-07 08:11:00 UTC)" skipped: maximum number of running instances reached (1)
WARNING:apscheduler.scheduler:Execution of job "Scedhuler.synchronize_transactions_and_user_notifications (trigger: cron[second='*/5'], next run at: 2020-08-07 08:11:05 UTC)" skipped: maximum number of running instances reached (1)
WARNING:kafka.consumer.group:use auto_offset_reset=latest (largest is deprecated)
INFO:kafka.conn:<BrokerConnection node_id=bootstrap-0 host=localhost:9092 <connecting> [IPv4 ('127.0.0.1', 9092)]>: connecting to localhost:9092 [('127.0.0.1', 9092) IPv4]
INFO:kafka.conn:Probing node bootstrap-0 broker version
INFO:kafka.conn:<BrokerConnection node_id=bootstrap-0 host=localhost:9092 <connecting> [IPv4 ('127.0.0.1', 9092)]>: Connection complete.
INFO:kafka.conn:Broker version identified as 1.0.0
INFO:kafka.conn:Set configuration api_version=(1, 0, 0) to skip auto check_version requests on startup
INFO:kafka.consumer.subscription_state:Updating subscribed topics to: ('transactions',)
INFO:kafka.cluster:Group coordinator for CalculatorService is BrokerMetadata(nodeId='coordinator-0', host='nikos-MS-7A34', port=9092, rack=None)
INFO:kafka.coordinator:Discovered coordinator coordinator-0 for group CalculatorService
INFO:kafka.coordinator:Starting new heartbeat thread
INFO:kafka.coordinator.consumer:Revoking previously assigned partitions set() for group CalculatorService
INFO:kafka.conn:<BrokerConnection node_id=coordinator-0 host=nikos-MS-7A34:9092 <connecting> [IPv4 ('127.0.1.1', 9092)]>: connecting to nikos-MS-7A34:9092 [('127.0.1.1', 9092) IPv4]
INFO:kafka.conn:<BrokerConnection node_id=coordinator-0 host=nikos-MS-7A34:9092 <connecting> [IPv4 ('127.0.1.1', 9092)]>: Connection complete.
INFO:kafka.conn:<BrokerConnection node_id=bootstrap-0 host=localhost:9092 <connected> [IPv4 ('127.0.0.1', 9092)]>: Closing connection. 
INFO:kafka.coordinator:(Re-)joining group CalculatorService
INFO:kafka.coordinator:Elected group leader -- performing partition assignments using range
INFO:kafka.conn:<BrokerConnection node_id=0 host=nikos-MS-7A34:9092 <connecting> [IPv4 ('127.0.1.1', 9092)]>: connecting to nikos-MS-7A34:9092 [('127.0.1.1', 9092) IPv4]
INFO:kafka.conn:<BrokerConnection node_id=0 host=nikos-MS-7A34:9092 <connecting> [IPv4 ('127.0.1.1', 9092)]>: Connection complete.
INFO:kafka.coordinator:Successfully joined group CalculatorService with generation 25
INFO:kafka.consumer.subscription_state:Updated partition assignment: [TopicPartition(topic='transactions', partition=0)]
INFO:kafka.coordinator.consumer:Setting newly assigned partitions {TopicPartition(topic='transactions', partition=0)} for group CalculatorService
WARNING:kafka.coordinator.consumer:Auto offset commit failed for group CalculatorService: NodeNotReadyError: coordinator-0
INFO:kafka.coordinator:Stopping heartbeat thread
INFO:kafka.conn:<BrokerConnection node_id=bootstrap-0 host=localhost:9092 <connecting> [IPv4 ('127.0.0.1', 9092)]>: connecting to localhost:9092 [('127.0.0.1', 9092) IPv4]
INFO:kafka.conn:Probing node bootstrap-0 broker version
INFO:kafka.conn:<BrokerConnection node_id=bootstrap-0 host=localhost:9092 <connecting> [IPv4 ('127.0.0.1', 9092)]>: Connection complete.
INFO:kafka.conn:Broker version identified as 1.0.0
INFO:kafka.conn:Set configuration api_version=(1, 0, 0) to skip auto check_version requests on startup
INFO:kafka.consumer.subscription_state:Updating subscribed topics to: ('user_notifications',)
INFO:kafka.cluster:Group coordinator for CalculatorService is BrokerMetadata(nodeId='coordinator-0', host='nikos-MS-7A34', port=9092, rack=None)
INFO:kafka.coordinator:Discovered coordinator coordinator-0 for group CalculatorService
INFO:kafka.coordinator:Starting new heartbeat thread
INFO:kafka.coordinator.consumer:Revoking previously assigned partitions set() for group CalculatorService
INFO:kafka.conn:<BrokerConnection node_id=coordinator-0 host=nikos-MS-7A34:9092 <connecting> [IPv4 ('127.0.1.1', 9092)]>: connecting to nikos-MS-7A34:9092 [('127.0.1.1', 9092) IPv4]
INFO:kafka.conn:<BrokerConnection node_id=coordinator-0 host=nikos-MS-7A34:9092 <connecting> [IPv4 ('127.0.1.1', 9092)]>: Connection complete.
INFO:kafka.conn:<BrokerConnection node_id=bootstrap-0 host=localhost:9092 <connected> [IPv4 ('127.0.0.1', 9092)]>: Closing connection. 
INFO:kafka.coordinator:(Re-)joining group CalculatorService
INFO:kafka.coordinator:Elected group leader -- performing partition assignments using range
INFO:kafka.conn:<BrokerConnection node_id=0 host=nikos-MS-7A34:9092 <connecting> [IPv4 ('127.0.1.1', 9092)]>: connecting to nikos-MS-7A34:9092 [('127.0.1.1', 9092) IPv4]
INFO:kafka.conn:<BrokerConnection node_id=0 host=nikos-MS-7A34:9092 <connecting> [IPv4 ('127.0.1.1', 9092)]>: Connection complete.
INFO:kafka.coordinator:Successfully joined group CalculatorService with generation 26
INFO:kafka.consumer.subscription_state:Updated partition assignment: [TopicPartition(topic='user_notifications', partition=0)]
INFO:kafka.coordinator.consumer:Setting newly assigned partitions {TopicPartition(topic='user_notifications', partition=0)} for group CalculatorService
INFO:kafka.coordinator:Stopping heartbeat thread
ERROR:root:delete_and_insert_notifications
ERROR:root:exiting delete_and_insert_notifications
ERROR:root:sleeping 
